<?xml version="1.0" encoding="UTF-8"?>
<testng-results skipped="0" failed="0" ignored="0" total="5" passed="5">
  <reporter-output>
  </reporter-output>
  <suite name="Default suite" duration-ms="37078" started-at="2020-04-16T10:33:21 EDT" finished-at="2020-04-16T10:33:58 EDT">
    <groups>
      <group name="cucumber">
        <method signature="AbstractTestNGCucumberTests.runScenario(cucumber.api.testng.PickleEventWrapper, cucumber.api.testng.CucumberFeatureWrapper)[pri:0, instance:com.runner.NewToursRunner@74650e52]" name="runScenario" class="cucumber.api.testng.AbstractTestNGCucumberTests"/>
      </group> <!-- cucumber -->
    </groups>
    <test name="Default test" duration-ms="37078" started-at="2020-04-16T10:33:21 EDT" finished-at="2020-04-16T10:33:58 EDT">
      <class name="com.runner.NewToursRunner">
        <test-method status="PASS" signature="setUpClass()[pri:0, instance:com.runner.NewToursRunner@74650e52]" name="setUpClass" is-config="true" duration-ms="81" started-at="2020-04-16T10:33:21 EDT" finished-at="2020-04-16T10:33:21 EDT">
          <reporter-output>
          </reporter-output>
        </test-method> <!-- setUpClass -->
        <test-method status="PASS" signature="runScenario(cucumber.api.testng.PickleEventWrapper, cucumber.api.testng.CucumberFeatureWrapper)[pri:0, instance:com.runner.NewToursRunner@74650e52]" name="runScenario" duration-ms="8216" started-at="2020-04-16T10:33:21 EDT" description="Runs Cucumber Scenarios" data-provider="scenarios" finished-at="2020-04-16T10:33:29 EDT">
          <params>
            <param index="0">
              <value>
                <![CDATA["User is able to login to New Tours"]]>
              </value>
            </param>
            <param index="1">
              <value>
                <![CDATA["Login"]]>
              </value>
            </param>
          </params>
          <reporter-output>
          </reporter-output>
        </test-method> <!-- runScenario -->
        <test-method status="PASS" signature="runScenario(cucumber.api.testng.PickleEventWrapper, cucumber.api.testng.CucumberFeatureWrapper)[pri:0, instance:com.runner.NewToursRunner@74650e52]" name="runScenario" duration-ms="7011" started-at="2020-04-16T10:33:29 EDT" description="Runs Cucumber Scenarios" data-provider="scenarios" finished-at="2020-04-16T10:33:36 EDT">
          <params>
            <param index="0">
              <value>
                <![CDATA["User is unable to login"]]>
              </value>
            </param>
            <param index="1">
              <value>
                <![CDATA["Login"]]>
              </value>
            </param>
          </params>
          <reporter-output>
          </reporter-output>
        </test-method> <!-- runScenario -->
        <test-method status="PASS" signature="runScenario(cucumber.api.testng.PickleEventWrapper, cucumber.api.testng.CucumberFeatureWrapper)[pri:0, instance:com.runner.NewToursRunner@74650e52]" name="runScenario" duration-ms="7232" started-at="2020-04-16T10:33:36 EDT" description="Runs Cucumber Scenarios" data-provider="scenarios" finished-at="2020-04-16T10:33:44 EDT">
          <params>
            <param index="0">
              <value>
                <![CDATA["User is unable to login"]]>
              </value>
            </param>
            <param index="1">
              <value>
                <![CDATA["Login"]]>
              </value>
            </param>
          </params>
          <reporter-output>
          </reporter-output>
        </test-method> <!-- runScenario -->
        <test-method status="PASS" signature="runScenario(cucumber.api.testng.PickleEventWrapper, cucumber.api.testng.CucumberFeatureWrapper)[pri:0, instance:com.runner.NewToursRunner@74650e52]" name="runScenario" duration-ms="7086" started-at="2020-04-16T10:33:44 EDT" description="Runs Cucumber Scenarios" data-provider="scenarios" finished-at="2020-04-16T10:33:51 EDT">
          <params>
            <param index="0">
              <value>
                <![CDATA["User is unable to login"]]>
              </value>
            </param>
            <param index="1">
              <value>
                <![CDATA["Login"]]>
              </value>
            </param>
          </params>
          <reporter-output>
          </reporter-output>
        </test-method> <!-- runScenario -->
        <test-method status="PASS" signature="runScenario(cucumber.api.testng.PickleEventWrapper, cucumber.api.testng.CucumberFeatureWrapper)[pri:0, instance:com.runner.NewToursRunner@74650e52]" name="runScenario" duration-ms="6877" started-at="2020-04-16T10:33:51 EDT" description="Runs Cucumber Scenarios" data-provider="scenarios" finished-at="2020-04-16T10:33:58 EDT">
          <params>
            <param index="0">
              <value>
                <![CDATA["User is unable to login"]]>
              </value>
            </param>
            <param index="1">
              <value>
                <![CDATA["Login"]]>
              </value>
            </param>
          </params>
          <reporter-output>
          </reporter-output>
        </test-method> <!-- runScenario -->
        <test-method status="PASS" signature="tearDownClass()[pri:0, instance:com.runner.NewToursRunner@74650e52]" name="tearDownClass" is-config="true" duration-ms="521" started-at="2020-04-16T10:33:58 EDT" finished-at="2020-04-16T10:33:58 EDT">
          <reporter-output>
          </reporter-output>
        </test-method> <!-- tearDownClass -->
      </class> <!-- com.runner.NewToursRunner -->
    </test> <!-- Default test -->
  </suite> <!-- Default suite -->
</testng-results>
